File `gmon.out' (version 1) contains:
	1 histogram record
	378 call-graph records
	0 basic-block count records
_ZNKSt4lessISt4pairINSt7__cxx1112basic_stringIcSt11char_traitsIcESaIcEEES6_EEclERKS7_SA_
main
_ZStltINSt7__cxx1112basic_stringIcSt11char_traitsIcESaIcEEES5_EbRKSt4pairIT_T0_ESB_
_ZStltIcSt11char_traitsIcESaIcEEbRKNSt7__cxx1112basic_stringIT_T0_T1_EESA_
_ZNKSt4lessINSt7__cxx1112basic_stringIcSt11char_traitsIcESaIcEEEEclERKS5_S8_
_ZNKSt13_Rb_tree_nodeISt4pairIKS0_INSt7__cxx1112basic_stringIcSt11char_traitsIcESaIcEEES6_EiEE9_M_valptrEv
_ZSt11__addressofIKSt4pairIKS0_INSt7__cxx1112basic_stringIcSt11char_traitsIcESaIcEEES6_EiEEPT_RSB_
_ZN9__gnu_cxx13new_allocatorISt13_Rb_tree_nodeISt4pairIKS2_INSt7__cxx1112basic_stringIcSt11char_traitsIcESaIcEEES8_EiEEE10deallocateEPSC_m
_ZN9__gnu_cxx14__alloc_traitsISaISt13_Rb_tree_nodeISt4pairIKS2_INSt7__cxx1112basic_stringIcSt11char_traitsIcESaIcEEES8_EiEEEE10deallocateERSD_PSC_m
_ZNSt8_Rb_treeISt4pairINSt7__cxx1112basic_stringIcSt11char_traitsIcESaIcEEES6_ES0_IKS7_iESt10_Select1stIS9_ESt4lessIS7_ESaIS9_EE21_M_get_Node_allocatorEv
_ZN9__gnu_cxx13new_allocatorISt4pairIKS1_INSt7__cxx1112basic_stringIcSt11char_traitsIcESaIcEEES7_EiEE7destroyEPSA_
_ZNSt8_Rb_treeISt4pairINSt7__cxx1112basic_stringIcSt11char_traitsIcESaIcEEES6_ES0_IKS7_iESt10_Select1stIS9_ESt4lessIS7_ESaIS9_EE11_M_put_nodeEPSt13_Rb_tree_nodeIS9_E
_ZNSt8_Rb_treeISt4pairINSt7__cxx1112basic_stringIcSt11char_traitsIcESaIcEEES6_ES0_IKS7_iESt10_Select1stIS9_ESt4lessIS7_ESaIS9_EE15_M_destroy_nodeEPSt13_Rb_tree_nodeIS9_E
_ZNSt8_Rb_treeISt4pairINSt7__cxx1112basic_stringIcSt11char_traitsIcESaIcEEES6_ES0_IKS7_iESt10_Select1stIS9_ESt4lessIS7_ESaIS9_EE12_M_drop_nodeEPSt13_Rb_tree_nodeIS9_E
_ZNSt8_Rb_treeISt4pairINSt7__cxx1112basic_stringIcSt11char_traitsIcESaIcEEES6_ES0_IKS7_iESt10_Select1stIS9_ESt4lessIS7_ESaIS9_EE8_M_eraseEPSt13_Rb_tree_nodeIS9_E
_ZNSt8_Rb_treeISt4pairINSt7__cxx1112basic_stringIcSt11char_traitsIcESaIcEEES6_ES0_IKS7_iESt10_Select1stIS9_ESt4lessIS7_ESaIS9_EE7_S_leftEPSt18_Rb_tree_node_base
_ZNSt8_Rb_treeISt4pairINSt7__cxx1112basic_stringIcSt11char_traitsIcESaIcEEES6_ES0_IKS7_iESt10_Select1stIS9_ESt4lessIS7_ESaIS9_EE8_S_rightEPSt18_Rb_tree_node_base
_ZNSt8_Rb_treeISt4pairINSt7__cxx1112basic_stringIcSt11char_traitsIcESaIcEEES6_ES0_IKS7_iESt10_Select1stIS9_ESt4lessIS7_ESaIS9_EE14_M_lower_boundEPSt13_Rb_tree_nodeIS9_ESI_RS8_
_ZNSt8_Rb_treeISt4pairINSt7__cxx1112basic_stringIcSt11char_traitsIcESaIcEEES6_ES0_IKS7_iESt10_Select1stIS9_ESt4lessIS7_ESaIS9_EE6_S_keyEPKSt13_Rb_tree_nodeIS9_E
_ZNSt8_Rb_treeISt4pairINSt7__cxx1112basic_stringIcSt11char_traitsIcESaIcEEES6_ES0_IKS7_iESt10_Select1stIS9_ESt4lessIS7_ESaIS9_EE8_S_valueEPKSt13_Rb_tree_nodeIS9_E
_ZNKSt10_Select1stISt4pairIKS0_INSt7__cxx1112basic_stringIcSt11char_traitsIcESaIcEEES6_EiEEclERKS9_
_ZNKSt13_Rb_tree_nodeISt4pairIKNSt7__cxx1112basic_stringIcSt11char_traitsIcESaIcEEEiEE9_M_valptrEv
_ZSt11__addressofIKSt4pairIKNSt7__cxx1112basic_stringIcSt11char_traitsIcESaIcEEEiEEPT_RSA_
_ZNSt8_Rb_treeINSt7__cxx1112basic_stringIcSt11char_traitsIcESaIcEEESt4pairIKS5_iESt10_Select1stIS8_ESt4lessIS5_ESaIS8_EE15_M_destroy_nodeEPSt13_Rb_tree_nodeIS8_E
_ZNSt8_Rb_treeINSt7__cxx1112basic_stringIcSt11char_traitsIcESaIcEEESt4pairIKS5_iESt10_Select1stIS8_ESt4lessIS5_ESaIS8_EE12_M_drop_nodeEPSt13_Rb_tree_nodeIS8_E
_ZNSt8_Rb_treeINSt7__cxx1112basic_stringIcSt11char_traitsIcESaIcEEESt4pairIKS5_iESt10_Select1stIS8_ESt4lessIS5_ESaIS8_EE8_M_eraseEPSt13_Rb_tree_nodeIS8_E
_ZNSt8_Rb_treeINSt7__cxx1112basic_stringIcSt11char_traitsIcESaIcEEESt4pairIKS5_iESt10_Select1stIS8_ESt4lessIS5_ESaIS8_EE7_S_leftEPSt18_Rb_tree_node_base
_ZNSt8_Rb_treeINSt7__cxx1112basic_stringIcSt11char_traitsIcESaIcEEESt4pairIKS5_iESt10_Select1stIS8_ESt4lessIS5_ESaIS8_EE8_S_rightEPSt18_Rb_tree_node_base
_ZNSt8_Rb_treeINSt7__cxx1112basic_stringIcSt11char_traitsIcESaIcEEESt4pairIKS5_iESt10_Select1stIS8_ESt4lessIS5_ESaIS8_EE14_M_lower_boundEPSt13_Rb_tree_nodeIS8_ESH_RS7_
_ZNSt8_Rb_treeINSt7__cxx1112basic_stringIcSt11char_traitsIcESaIcEEESt4pairIKS5_iESt10_Select1stIS8_ESt4lessIS5_ESaIS8_EE6_S_keyEPKSt13_Rb_tree_nodeIS8_E
_ZNSt8_Rb_treeINSt7__cxx1112basic_stringIcSt11char_traitsIcESaIcEEESt4pairIKS5_iESt10_Select1stIS8_ESt4lessIS5_ESaIS8_EE8_S_valueEPKSt13_Rb_tree_nodeIS8_E
_ZNKSt10_Select1stISt4pairIKNSt7__cxx1112basic_stringIcSt11char_traitsIcESaIcEEEiEEclERKS8_
_ZNKSt13_Rb_tree_nodeISt4pairIKS0_INSt7__cxx1112basic_stringIcSt11char_traitsIcESaIcEEES6_EfEE9_M_valptrEv
_ZSt11__addressofIKSt4pairIKS0_INSt7__cxx1112basic_stringIcSt11char_traitsIcESaIcEEES6_EfEEPT_RSB_
_ZN9__gnu_cxx13new_allocatorISt13_Rb_tree_nodeISt4pairIKS2_INSt7__cxx1112basic_stringIcSt11char_traitsIcESaIcEEES8_EfEEE10deallocateEPSC_m
_ZN9__gnu_cxx14__alloc_traitsISaISt13_Rb_tree_nodeISt4pairIKS2_INSt7__cxx1112basic_stringIcSt11char_traitsIcESaIcEEES8_EfEEEE10deallocateERSD_PSC_m
_ZNSt8_Rb_treeISt4pairINSt7__cxx1112basic_stringIcSt11char_traitsIcESaIcEEES6_ES0_IKS7_fESt10_Select1stIS9_ESt4lessIS7_ESaIS9_EE21_M_get_Node_allocatorEv
_ZN9__gnu_cxx13new_allocatorISt4pairIKS1_INSt7__cxx1112basic_stringIcSt11char_traitsIcESaIcEEES7_EfEE7destroyEPSA_
_ZNSt8_Rb_treeISt4pairINSt7__cxx1112basic_stringIcSt11char_traitsIcESaIcEEES6_ES0_IKS7_fESt10_Select1stIS9_ESt4lessIS7_ESaIS9_EE11_M_put_nodeEPSt13_Rb_tree_nodeIS9_E
_ZNSt8_Rb_treeISt4pairINSt7__cxx1112basic_stringIcSt11char_traitsIcESaIcEEES6_ES0_IKS7_fESt10_Select1stIS9_ESt4lessIS7_ESaIS9_EE15_M_destroy_nodeEPSt13_Rb_tree_nodeIS9_E
_ZNSt8_Rb_treeISt4pairINSt7__cxx1112basic_stringIcSt11char_traitsIcESaIcEEES6_ES0_IKS7_fESt10_Select1stIS9_ESt4lessIS7_ESaIS9_EE12_M_drop_nodeEPSt13_Rb_tree_nodeIS9_E
_ZNSt8_Rb_treeISt4pairINSt7__cxx1112basic_stringIcSt11char_traitsIcESaIcEEES6_ES0_IKS7_fESt10_Select1stIS9_ESt4lessIS7_ESaIS9_EE7_S_leftEPSt18_Rb_tree_node_base
_ZNSt8_Rb_treeISt4pairINSt7__cxx1112basic_stringIcSt11char_traitsIcESaIcEEES6_ES0_IKS7_fESt10_Select1stIS9_ESt4lessIS7_ESaIS9_EE8_M_eraseEPSt13_Rb_tree_nodeIS9_E
_ZNSt8_Rb_treeISt4pairINSt7__cxx1112basic_stringIcSt11char_traitsIcESaIcEEES6_ES0_IKS7_fESt10_Select1stIS9_ESt4lessIS7_ESaIS9_EE8_S_rightEPSt18_Rb_tree_node_base
_ZNSt8_Rb_treeISt4pairINSt7__cxx1112basic_stringIcSt11char_traitsIcESaIcEEES6_ES0_IKS7_fESt10_Select1stIS9_ESt4lessIS7_ESaIS9_EE14_M_lower_boundEPSt13_Rb_tree_nodeIS9_ESI_RS8_
_ZNSt8_Rb_treeISt4pairINSt7__cxx1112basic_stringIcSt11char_traitsIcESaIcEEES6_ES0_IKS7_fESt10_Select1stIS9_ESt4lessIS7_ESaIS9_EE6_S_keyEPKSt13_Rb_tree_nodeIS9_E
_ZNSt8_Rb_treeISt4pairINSt7__cxx1112basic_stringIcSt11char_traitsIcESaIcEEES6_ES0_IKS7_fESt10_Select1stIS9_ESt4lessIS7_ESaIS9_EE8_S_valueEPKSt13_Rb_tree_nodeIS9_E
_ZNKSt10_Select1stISt4pairIKS0_INSt7__cxx1112basic_stringIcSt11char_traitsIcESaIcEEES6_EfEEclERKS9_
_ZNSt13_Rb_tree_nodeISt4pairIKS0_INSt7__cxx1112basic_stringIcSt11char_traitsIcESaIcEEES6_EiEE9_M_valptrEv
_ZSt11__addressofISt4pairIKS0_INSt7__cxx1112basic_stringIcSt11char_traitsIcESaIcEEES6_EiEEPT_RSA_
_ZNSt17_Rb_tree_iteratorISt4pairIKS0_INSt7__cxx1112basic_stringIcSt11char_traitsIcESaIcEEES6_EiEEppEi
_ZSteqIcSt11char_traitsIcESaIcEEbRKNSt7__cxx1112basic_stringIT_T0_T1_EEPKS5_
_ZNSt4pairINSt7__cxx1112basic_stringIcSt11char_traitsIcESaIcEEES5_EC1ERKS5_S8_
_Z12calc_bigramsPKcRSt3mapISt4pairINSt7__cxx1112basic_stringIcSt11char_traitsIcESaIcEEES8_EfSt4lessIS9_ESaIS2_IKS9_fEEE
_ZNKSt17_Rb_tree_iteratorISt4pairIKS0_INSt7__cxx1112basic_stringIcSt11char_traitsIcESaIcEEES6_EiEEptEv
_ZN9__gnu_cxx17__normal_iteratorIPcNSt7__cxx1112basic_stringIcSt11char_traitsIcESaIcEEEEC2Ev
_ZNKSt17_Rb_tree_iteratorISt4pairIKS0_INSt7__cxx1112basic_stringIcSt11char_traitsIcESaIcEEES6_EiEEneERKSA_
_ZNSt13_Rb_tree_nodeISt4pairIKNSt7__cxx1112basic_stringIcSt11char_traitsIcESaIcEEEiEE9_M_valptrEv
_ZSt11__addressofISt4pairIKNSt7__cxx1112basic_stringIcSt11char_traitsIcESaIcEEEiEEPT_RS9_
_ZNSt4pairIKNSt7__cxx1112basic_stringIcSt11char_traitsIcESaIcEEEiED2Ev
_ZNSt4pairIKNSt7__cxx1112basic_stringIcSt11char_traitsIcESaIcEEEiEC1ERS6_RKi
_ZNSt8_Rb_treeINSt7__cxx1112basic_stringIcSt11char_traitsIcESaIcEEESt4pairIKS5_iESt10_Select1stIS8_ESt4lessIS5_ESaIS8_EE6_M_endEv
_ZNSt8_Rb_treeINSt7__cxx1112basic_stringIcSt11char_traitsIcESaIcEEESt4pairIKS5_iESt10_Select1stIS8_ESt4lessIS5_ESaIS8_EE8_M_beginEv
_ZNSt8_Rb_treeINSt7__cxx1112basic_stringIcSt11char_traitsIcESaIcEEESt4pairIKS5_iESt10_Select1stIS8_ESt4lessIS5_ESaIS8_EE11lower_boundERS7_
_ZNKSt17_Rb_tree_iteratorISt4pairIKNSt7__cxx1112basic_stringIcSt11char_traitsIcESaIcEEEiEEeqERKS9_
_ZNSt3mapINSt7__cxx1112basic_stringIcSt11char_traitsIcESaIcEEEiSt4lessIS5_ESaISt4pairIKS5_iEEE11lower_boundERS9_
_ZNSt3mapINSt7__cxx1112basic_stringIcSt11char_traitsIcESaIcEEEiSt4lessIS5_ESaISt4pairIKS5_iEEEixERS9_
_ZNKSt17_Rb_tree_iteratorISt4pairIKNSt7__cxx1112basic_stringIcSt11char_traitsIcESaIcEEEiEEdeEv
_ZNSt3mapINSt7__cxx1112basic_stringIcSt11char_traitsIcESaIcEEEiSt4lessIS5_ESaISt4pairIKS5_iEEE3endEv
_ZNSt8_Rb_treeINSt7__cxx1112basic_stringIcSt11char_traitsIcESaIcEEESt4pairIKS5_iESt10_Select1stIS8_ESt4lessIS5_ESaIS8_EE3endEv
_ZNSt17_Rb_tree_iteratorISt4pairIKNSt7__cxx1112basic_stringIcSt11char_traitsIcESaIcEEEiEEC2EPSt18_Rb_tree_node_base
_ZNKSt3mapINSt7__cxx1112basic_stringIcSt11char_traitsIcESaIcEEEiSt4lessIS5_ESaISt4pairIKS5_iEEE8key_compEv
_ZNKSt8_Rb_treeINSt7__cxx1112basic_stringIcSt11char_traitsIcESaIcEEESt4pairIKS5_iESt10_Select1stIS8_ESt4lessIS5_ESaIS8_EE8key_compEv
_ZNSt3mapINSt7__cxx1112basic_stringIcSt11char_traitsIcESaIcEEEiSt4lessIS5_ESaISt4pairIKS5_iEEE6insertESt17_Rb_tree_iteratorISA_ERKSA_
_ZNSt23_Rb_tree_const_iteratorISt4pairIKNSt7__cxx1112basic_stringIcSt11char_traitsIcESaIcEEEiEEC2ERKSt17_Rb_tree_iteratorIS8_E
_ZNSt8_Rb_treeINSt7__cxx1112basic_stringIcSt11char_traitsIcESaIcEEESt4pairIKS5_iESt10_Select1stIS8_ESt4lessIS5_ESaIS8_EE17_M_insert_unique_ESt23_Rb_tree_const_iteratorIS8_ERKS8_
_ZNK9__gnu_cxx13new_allocatorISt13_Rb_tree_nodeISt4pairIKS2_INSt7__cxx1112basic_stringIcSt11char_traitsIcESaIcEEES8_EiEEE8max_sizeEv
_ZN9__gnu_cxx13new_allocatorISt13_Rb_tree_nodeISt4pairIKS2_INSt7__cxx1112basic_stringIcSt11char_traitsIcESaIcEEES8_EiEEE8allocateEmPKv
_ZN9__gnu_cxx13new_allocatorISt4pairIKS1_INSt7__cxx1112basic_stringIcSt11char_traitsIcESaIcEEES7_EiEE9constructEPSA_RKSA_
_ZN9__gnu_cxx14__alloc_traitsISaISt13_Rb_tree_nodeISt4pairIKS2_INSt7__cxx1112basic_stringIcSt11char_traitsIcESaIcEEES8_EiEEEE8allocateERSD_m
_ZNSt8_Rb_treeISt4pairINSt7__cxx1112basic_stringIcSt11char_traitsIcESaIcEEES6_ES0_IKS7_iESt10_Select1stIS9_ESt4lessIS7_ESaIS9_EE17_M_construct_nodeEPSt13_Rb_tree_nodeIS9_ERKS9_
_ZNSt8_Rb_treeISt4pairINSt7__cxx1112basic_stringIcSt11char_traitsIcESaIcEEES6_ES0_IKS7_iESt10_Select1stIS9_ESt4lessIS7_ESaIS9_EE11_M_get_nodeEv
_ZNSt8_Rb_treeISt4pairINSt7__cxx1112basic_stringIcSt11char_traitsIcESaIcEEES6_ES0_IKS7_iESt10_Select1stIS9_ESt4lessIS7_ESaIS9_EE14_M_create_nodeERKS9_
_ZNKSt8_Rb_treeISt4pairINSt7__cxx1112basic_stringIcSt11char_traitsIcESaIcEEES6_ES0_IKS7_iESt10_Select1stIS9_ESt4lessIS7_ESaIS9_EE11_Alloc_nodeclIS9_EEPSt13_Rb_tree_nodeIS9_ERKT_
_ZNSt8_Rb_treeISt4pairINSt7__cxx1112basic_stringIcSt11char_traitsIcESaIcEEES6_ES0_IKS7_iESt10_Select1stIS9_ESt4lessIS7_ESaIS9_EE10_M_insert_INSF_11_Alloc_nodeEEESt17_Rb_tree_iteratorIS9_EPSt18_Rb_tree_node_baseSL_RKS9_RT_
_ZNSt8_Rb_treeISt4pairINSt7__cxx1112basic_stringIcSt11char_traitsIcESaIcEEES6_ES0_IKS7_iESt10_Select1stIS9_ESt4lessIS7_ESaIS9_EE17_M_insert_unique_INSF_11_Alloc_nodeEEESt17_Rb_tree_iteratorIS9_ESt23_Rb_tree_const_iteratorIS9_ERKS9_RT_
_ZNSt8_Rb_treeISt4pairINSt7__cxx1112basic_stringIcSt11char_traitsIcESaIcEEES6_ES0_IKS7_iESt10_Select1stIS9_ESt4lessIS7_ESaIS9_EE11_Alloc_nodeC1ERSF_
_ZNSt8_Rb_treeISt4pairINSt7__cxx1112basic_stringIcSt11char_traitsIcESaIcEEES6_ES0_IKS7_iESt10_Select1stIS9_ESt4lessIS7_ESaIS9_EE17_M_insert_unique_ESt23_Rb_tree_const_iteratorIS9_ERKS9_
_ZNSt23_Rb_tree_const_iteratorISt4pairIKS0_INSt7__cxx1112basic_stringIcSt11char_traitsIcESaIcEEES6_EiEEC2ERKSt17_Rb_tree_iteratorIS9_E
_ZNSt3mapISt4pairINSt7__cxx1112basic_stringIcSt11char_traitsIcESaIcEEES6_EiSt4lessIS7_ESaIS0_IKS7_iEEE6insertESt17_Rb_tree_iteratorISB_ERKSB_
_ZNSt8_Rb_treeISt4pairINSt7__cxx1112basic_stringIcSt11char_traitsIcESaIcEEES6_ES0_IKS7_iESt10_Select1stIS9_ESt4lessIS7_ESaIS9_EE8_M_beginEv
_ZNSt8_Rb_treeISt4pairINSt7__cxx1112basic_stringIcSt11char_traitsIcESaIcEEES6_ES0_IKS7_iESt10_Select1stIS9_ESt4lessIS7_ESaIS9_EE6_M_endEv
_ZNSt8_Rb_treeISt4pairINSt7__cxx1112basic_stringIcSt11char_traitsIcESaIcEEES6_ES0_IKS7_iESt10_Select1stIS9_ESt4lessIS7_ESaIS9_EE11lower_boundERS8_
_ZNSt3mapISt4pairINSt7__cxx1112basic_stringIcSt11char_traitsIcESaIcEEES6_EiSt4lessIS7_ESaIS0_IKS7_iEEE11lower_boundERSA_
_ZNSt3mapISt4pairINSt7__cxx1112basic_stringIcSt11char_traitsIcESaIcEEES6_EiSt4lessIS7_ESaIS0_IKS7_iEEEixERSA_
_ZNKSt17_Rb_tree_iteratorISt4pairIKS0_INSt7__cxx1112basic_stringIcSt11char_traitsIcESaIcEEES6_EiEEdeEv
_ZNKSt17_Rb_tree_iteratorISt4pairIKS0_INSt7__cxx1112basic_stringIcSt11char_traitsIcESaIcEEES6_EiEEeqERKSA_
_ZNKSt3mapISt4pairINSt7__cxx1112basic_stringIcSt11char_traitsIcESaIcEEES6_EiSt4lessIS7_ESaIS0_IKS7_iEEE8key_compEv
_ZNKSt8_Rb_treeISt4pairINSt7__cxx1112basic_stringIcSt11char_traitsIcESaIcEEES6_ES0_IKS7_iESt10_Select1stIS9_ESt4lessIS7_ESaIS9_EE8key_compEv
_ZNSt4pairIKS_INSt7__cxx1112basic_stringIcSt11char_traitsIcESaIcEEES5_EiEC2ERS7_RKi
_ZNSt4pairIKS_INSt7__cxx1112basic_stringIcSt11char_traitsIcESaIcEEES5_EiED2Ev
_ZNSt3mapISt4pairINSt7__cxx1112basic_stringIcSt11char_traitsIcESaIcEEES6_EiSt4lessIS7_ESaIS0_IKS7_iEEE3endEv
_ZNSt8_Rb_treeISt4pairINSt7__cxx1112basic_stringIcSt11char_traitsIcESaIcEEES6_ES0_IKS7_iESt10_Select1stIS9_ESt4lessIS7_ESaIS9_EE3endEv
_ZNSt17_Rb_tree_iteratorISt4pairIKS0_INSt7__cxx1112basic_stringIcSt11char_traitsIcESaIcEEES6_EiEEC2EPSt18_Rb_tree_node_base
_ZNSt13_Rb_tree_nodeISt4pairIKS0_INSt7__cxx1112basic_stringIcSt11char_traitsIcESaIcEEES6_EfEE9_M_valptrEv
_ZSt11__addressofISt4pairIKS0_INSt7__cxx1112basic_stringIcSt11char_traitsIcESaIcEEES6_EfEEPT_RSA_
_ZNSt8_Rb_treeISt4pairINSt7__cxx1112basic_stringIcSt11char_traitsIcESaIcEEES6_ES0_IKS7_iESt10_Select1stIS9_ESt4lessIS7_ESaIS9_EE11_M_leftmostEv
_ZNKSt23_Rb_tree_const_iteratorISt4pairIKS0_INSt7__cxx1112basic_stringIcSt11char_traitsIcESaIcEEES6_EiEE13_M_const_castEv
_ZNSt8_Rb_treeISt4pairINSt7__cxx1112basic_stringIcSt11char_traitsIcESaIcEEES6_ES0_IKS7_iESt10_Select1stIS9_ESt4lessIS7_ESaIS9_EE29_M_get_insert_hint_unique_posESt23_Rb_tree_const_iteratorIS9_ERS8_
_ZNSt8_Rb_treeISt4pairINSt7__cxx1112basic_stringIcSt11char_traitsIcESaIcEEES6_ES0_IKS7_iESt10_Select1stIS9_ESt4lessIS7_ESaIS9_EE6_S_keyEPKSt18_Rb_tree_node_base
_ZNSt8_Rb_treeISt4pairINSt7__cxx1112basic_stringIcSt11char_traitsIcESaIcEEES6_ES0_IKS7_iESt10_Select1stIS9_ESt4lessIS7_ESaIS9_EE8_S_valueEPKSt18_Rb_tree_node_base
_ZNSt17_Rb_tree_iteratorISt4pairIKS0_INSt7__cxx1112basic_stringIcSt11char_traitsIcESaIcEEES6_EiEEmmEv
_ZNSt4pairIKS_INSt7__cxx1112basic_stringIcSt11char_traitsIcESaIcEEES5_EiEC1ERKS8_
_ZNSt4pairIKS_INSt7__cxx1112basic_stringIcSt11char_traitsIcESaIcEEES5_EfED1Ev
_ZNSt8_Rb_treeISt4pairINSt7__cxx1112basic_stringIcSt11char_traitsIcESaIcEEES6_ES0_IKS7_fESt10_Select1stIS9_ESt4lessIS7_ESaIS9_EE8_M_beginEv
_ZNSt8_Rb_treeISt4pairINSt7__cxx1112basic_stringIcSt11char_traitsIcESaIcEEES6_ES0_IKS7_fESt10_Select1stIS9_ESt4lessIS7_ESaIS9_EE6_M_endEv
_ZNSt8_Rb_treeISt4pairINSt7__cxx1112basic_stringIcSt11char_traitsIcESaIcEEES6_ES0_IKS7_fESt10_Select1stIS9_ESt4lessIS7_ESaIS9_EE11lower_boundERS8_
_ZNKSt17_Rb_tree_iteratorISt4pairIKS0_INSt7__cxx1112basic_stringIcSt11char_traitsIcESaIcEEES6_EfEEeqERKSA_
_ZNSt3mapISt4pairINSt7__cxx1112basic_stringIcSt11char_traitsIcESaIcEEES6_EfSt4lessIS7_ESaIS0_IKS7_fEEE11lower_boundERSA_
_ZNSt3mapISt4pairINSt7__cxx1112basic_stringIcSt11char_traitsIcESaIcEEES6_EfSt4lessIS7_ESaIS0_IKS7_fEEEixERSA_
_ZNKSt17_Rb_tree_iteratorISt4pairIKS0_INSt7__cxx1112basic_stringIcSt11char_traitsIcESaIcEEES6_EfEEdeEv
_ZNSt3mapISt4pairINSt7__cxx1112basic_stringIcSt11char_traitsIcESaIcEEES6_EfSt4lessIS7_ESaIS0_IKS7_fEEE3endEv
_ZNSt8_Rb_treeISt4pairINSt7__cxx1112basic_stringIcSt11char_traitsIcESaIcEEES6_ES0_IKS7_fESt10_Select1stIS9_ESt4lessIS7_ESaIS9_EE3endEv
_ZNSt17_Rb_tree_iteratorISt4pairIKS0_INSt7__cxx1112basic_stringIcSt11char_traitsIcESaIcEEES6_EfEEC2EPSt18_Rb_tree_node_base
_ZNSt4pairIKS_INSt7__cxx1112basic_stringIcSt11char_traitsIcESaIcEEES5_EfEC1ERS7_RKf
_ZNSt3mapISt4pairINSt7__cxx1112basic_stringIcSt11char_traitsIcESaIcEEES6_EfSt4lessIS7_ESaIS0_IKS7_fEEE6insertESt17_Rb_tree_iteratorISB_ERKSB_
_ZNSt4pairINSt7__cxx1112basic_stringIcSt11char_traitsIcESaIcEEES5_EC1ERKS6_
_ZNSt23_Rb_tree_const_iteratorISt4pairIKS0_INSt7__cxx1112basic_stringIcSt11char_traitsIcESaIcEEES6_EfEEC2ERKSt17_Rb_tree_iteratorIS9_E
_ZNSt8_Rb_treeISt4pairINSt7__cxx1112basic_stringIcSt11char_traitsIcESaIcEEES6_ES0_IKS7_fESt10_Select1stIS9_ESt4lessIS7_ESaIS9_EE17_M_insert_unique_ESt23_Rb_tree_const_iteratorIS9_ERKS9_
_ZNSt8_Rb_treeISt4pairINSt7__cxx1112basic_stringIcSt11char_traitsIcESaIcEEES6_ES0_IKS7_fESt10_Select1stIS9_ESt4lessIS7_ESaIS9_EE11_Alloc_nodeC2ERSF_
_ZNSt8_Rb_treeISt4pairINSt7__cxx1112basic_stringIcSt11char_traitsIcESaIcEEES6_ES0_IKS7_fESt10_Select1stIS9_ESt4lessIS7_ESaIS9_EE17_M_insert_unique_INSF_11_Alloc_nodeEEESt17_Rb_tree_iteratorIS9_ESt23_Rb_tree_const_iteratorIS9_ERKS9_RT_
_ZNSt8_Rb_treeISt4pairINSt7__cxx1112basic_stringIcSt11char_traitsIcESaIcEEES6_ES0_IKS7_fESt10_Select1stIS9_ESt4lessIS7_ESaIS9_EE10_M_insert_INSF_11_Alloc_nodeEEESt17_Rb_tree_iteratorIS9_EPSt18_Rb_tree_node_baseSL_RKS9_RT_
_ZNKSt8_Rb_treeISt4pairINSt7__cxx1112basic_stringIcSt11char_traitsIcESaIcEEES6_ES0_IKS7_fESt10_Select1stIS9_ESt4lessIS7_ESaIS9_EE11_Alloc_nodeclIS9_EEPSt13_Rb_tree_nodeIS9_ERKT_
_ZNSt8_Rb_treeISt4pairINSt7__cxx1112basic_stringIcSt11char_traitsIcESaIcEEES6_ES0_IKS7_fESt10_Select1stIS9_ESt4lessIS7_ESaIS9_EE14_M_create_nodeERKS9_
_ZNSt8_Rb_treeISt4pairINSt7__cxx1112basic_stringIcSt11char_traitsIcESaIcEEES6_ES0_IKS7_fESt10_Select1stIS9_ESt4lessIS7_ESaIS9_EE11_M_get_nodeEv
_ZNSt8_Rb_treeISt4pairINSt7__cxx1112basic_stringIcSt11char_traitsIcESaIcEEES6_ES0_IKS7_fESt10_Select1stIS9_ESt4lessIS7_ESaIS9_EE17_M_construct_nodeEPSt13_Rb_tree_nodeIS9_ERKS9_
_ZN9__gnu_cxx14__alloc_traitsISaISt13_Rb_tree_nodeISt4pairIKS2_INSt7__cxx1112basic_stringIcSt11char_traitsIcESaIcEEES8_EfEEEE8allocateERSD_m
_ZN9__gnu_cxx13new_allocatorISt4pairIKS1_INSt7__cxx1112basic_stringIcSt11char_traitsIcESaIcEEES7_EfEE9constructEPSA_RKSA_
_ZN9__gnu_cxx13new_allocatorISt13_Rb_tree_nodeISt4pairIKS2_INSt7__cxx1112basic_stringIcSt11char_traitsIcESaIcEEES8_EfEEE8allocateEmPKv
_ZNSt4pairIKS_INSt7__cxx1112basic_stringIcSt11char_traitsIcESaIcEEES5_EfEC2ERKS8_
_ZnwmPv
_ZNK9__gnu_cxx13new_allocatorISt13_Rb_tree_nodeISt4pairIKS2_INSt7__cxx1112basic_stringIcSt11char_traitsIcESaIcEEES8_EfEEE8max_sizeEv
_ZN9__gnu_cxx13new_allocatorISt4pairIKS1_INSt7__cxx1112basic_stringIcSt11char_traitsIcESaIcEEES7_EfEEC2Ev
_ZNSaISt4pairIKS_INSt7__cxx1112basic_stringIcSt11char_traitsIcESaIcEEES5_EfEEC1ISt13_Rb_tree_nodeIS8_EEERKSaIT_E
_ZNKSt8_Rb_treeISt4pairINSt7__cxx1112basic_stringIcSt11char_traitsIcESaIcEEES6_ES0_IKS7_fESt10_Select1stIS9_ESt4lessIS7_ESaIS9_EE13get_allocatorEv
_ZNKSt8_Rb_treeISt4pairINSt7__cxx1112basic_stringIcSt11char_traitsIcESaIcEEES6_ES0_IKS7_fESt10_Select1stIS9_ESt4lessIS7_ESaIS9_EE21_M_get_Node_allocatorEv
_ZNSaISt4pairIKS_INSt7__cxx1112basic_stringIcSt11char_traitsIcESaIcEEES5_EfEED2Ev
_ZN9__gnu_cxx13new_allocatorISt4pairIKS1_INSt7__cxx1112basic_stringIcSt11char_traitsIcESaIcEEES7_EfEED2Ev
_ZN9__gnu_cxx13new_allocatorISt4pairIKS1_INSt7__cxx1112basic_stringIcSt11char_traitsIcESaIcEEES7_EiEEC2Ev
_ZNSaISt4pairIKS_INSt7__cxx1112basic_stringIcSt11char_traitsIcESaIcEEES5_EiEEC2ISt13_Rb_tree_nodeIS8_EEERKSaIT_E
_ZNKSt8_Rb_treeISt4pairINSt7__cxx1112basic_stringIcSt11char_traitsIcESaIcEEES6_ES0_IKS7_iESt10_Select1stIS9_ESt4lessIS7_ESaIS9_EE13get_allocatorEv
_ZNKSt8_Rb_treeISt4pairINSt7__cxx1112basic_stringIcSt11char_traitsIcESaIcEEES6_ES0_IKS7_iESt10_Select1stIS9_ESt4lessIS7_ESaIS9_EE21_M_get_Node_allocatorEv
_ZNSaISt4pairIKS_INSt7__cxx1112basic_stringIcSt11char_traitsIcESaIcEEES5_EiEED1Ev
_ZN9__gnu_cxx13new_allocatorISt4pairIKS1_INSt7__cxx1112basic_stringIcSt11char_traitsIcESaIcEEES7_EiEED1Ev
_ZNSt4pairIPSt18_Rb_tree_node_baseS1_EC1ERKS1_S4_
_ZNKSt23_Rb_tree_const_iteratorISt4pairIKS0_INSt7__cxx1112basic_stringIcSt11char_traitsIcESaIcEEES6_EfEE13_M_const_castEv
_ZNSt8_Rb_treeISt4pairINSt7__cxx1112basic_stringIcSt11char_traitsIcESaIcEEES6_ES0_IKS7_fESt10_Select1stIS9_ESt4lessIS7_ESaIS9_EE29_M_get_insert_hint_unique_posESt23_Rb_tree_const_iteratorIS9_ERS8_
_ZNSt8_Rb_treeISt4pairINSt7__cxx1112basic_stringIcSt11char_traitsIcESaIcEEES6_ES0_IKS7_fESt10_Select1stIS9_ESt4lessIS7_ESaIS9_EE12_M_rightmostEv
_ZNKSt8_Rb_treeISt4pairINSt7__cxx1112basic_stringIcSt11char_traitsIcESaIcEEES6_ES0_IKS7_fESt10_Select1stIS9_ESt4lessIS7_ESaIS9_EE4sizeEv
_ZNSt8_Rb_treeISt4pairINSt7__cxx1112basic_stringIcSt11char_traitsIcESaIcEEES6_ES0_IKS7_fESt10_Select1stIS9_ESt4lessIS7_ESaIS9_EE6_S_keyEPKSt18_Rb_tree_node_base
_ZNSt8_Rb_treeISt4pairINSt7__cxx1112basic_stringIcSt11char_traitsIcESaIcEEES6_ES0_IKS7_fESt10_Select1stIS9_ESt4lessIS7_ESaIS9_EE8_S_valueEPKSt18_Rb_tree_node_base
_ZNSt8_Rb_treeINSt7__cxx1112basic_stringIcSt11char_traitsIcESaIcEEESt4pairIKS5_iESt10_Select1stIS8_ESt4lessIS5_ESaIS8_EE29_M_get_insert_hint_unique_posESt23_Rb_tree_const_iteratorIS8_ERS7_
_ZNSt8_Rb_treeINSt7__cxx1112basic_stringIcSt11char_traitsIcESaIcEEESt4pairIKS5_iESt10_Select1stIS8_ESt4lessIS5_ESaIS8_EE6_S_keyEPKSt18_Rb_tree_node_base
_ZNSt8_Rb_treeINSt7__cxx1112basic_stringIcSt11char_traitsIcESaIcEEESt4pairIKS5_iESt10_Select1stIS8_ESt4lessIS5_ESaIS8_EE8_S_valueEPKSt18_Rb_tree_node_base
_ZN9__gnu_cxx13new_allocatorISt4pairIKNSt7__cxx1112basic_stringIcSt11char_traitsIcESaIcEEEiEEC1Ev
_ZNSaISt4pairIKNSt7__cxx1112basic_stringIcSt11char_traitsIcESaIcEEEiEEC1ISt13_Rb_tree_nodeIS7_EEERKSaIT_E
_ZNKSt8_Rb_treeINSt7__cxx1112basic_stringIcSt11char_traitsIcESaIcEEESt4pairIKS5_iESt10_Select1stIS8_ESt4lessIS5_ESaIS8_EE13get_allocatorEv
_ZNKSt8_Rb_treeINSt7__cxx1112basic_stringIcSt11char_traitsIcESaIcEEESt4pairIKS5_iESt10_Select1stIS8_ESt4lessIS5_ESaIS8_EE21_M_get_Node_allocatorEv
_ZNSaISt4pairIKNSt7__cxx1112basic_stringIcSt11char_traitsIcESaIcEEEiEED1Ev
_ZN9__gnu_cxx13new_allocatorISt4pairIKNSt7__cxx1112basic_stringIcSt11char_traitsIcESaIcEEEiEED2Ev
_ZN9__gnu_cxx13new_allocatorISt13_Rb_tree_nodeISt4pairIKNSt7__cxx1112basic_stringIcSt11char_traitsIcESaIcEEEiEEE10deallocateEPSB_m
_ZN9__gnu_cxx14__alloc_traitsISaISt13_Rb_tree_nodeISt4pairIKNSt7__cxx1112basic_stringIcSt11char_traitsIcESaIcEEEiEEEE10deallocateERSC_PSB_m
_ZNSt8_Rb_treeINSt7__cxx1112basic_stringIcSt11char_traitsIcESaIcEEESt4pairIKS5_iESt10_Select1stIS8_ESt4lessIS5_ESaIS8_EE11_M_put_nodeEPSt13_Rb_tree_nodeIS8_E
_ZNSt8_Rb_treeINSt7__cxx1112basic_stringIcSt11char_traitsIcESaIcEEESt4pairIKS5_iESt10_Select1stIS8_ESt4lessIS5_ESaIS8_EE21_M_get_Node_allocatorEv
_ZNSt8_Rb_treeINSt7__cxx1112basic_stringIcSt11char_traitsIcESaIcEEESt4pairIKS5_iESt10_Select1stIS8_ESt4lessIS5_ESaIS8_EE17_M_insert_unique_INSE_11_Alloc_nodeEEESt17_Rb_tree_iteratorIS8_ESt23_Rb_tree_const_iteratorIS8_ERKS8_RT_
_ZNSt8_Rb_treeINSt7__cxx1112basic_stringIcSt11char_traitsIcESaIcEEESt4pairIKS5_iESt10_Select1stIS8_ESt4lessIS5_ESaIS8_EE10_M_insert_INSE_11_Alloc_nodeEEESt17_Rb_tree_iteratorIS8_EPSt18_Rb_tree_node_baseSK_RKS8_RT_
_ZNKSt8_Rb_treeINSt7__cxx1112basic_stringIcSt11char_traitsIcESaIcEEESt4pairIKS5_iESt10_Select1stIS8_ESt4lessIS5_ESaIS8_EE11_Alloc_nodeclIS8_EEPSt13_Rb_tree_nodeIS8_ERKT_
_ZNSt8_Rb_treeINSt7__cxx1112basic_stringIcSt11char_traitsIcESaIcEEESt4pairIKS5_iESt10_Select1stIS8_ESt4lessIS5_ESaIS8_EE14_M_create_nodeERKS8_
_ZNSt8_Rb_treeINSt7__cxx1112basic_stringIcSt11char_traitsIcESaIcEEESt4pairIKS5_iESt10_Select1stIS8_ESt4lessIS5_ESaIS8_EE11_M_get_nodeEv
_ZNSt8_Rb_treeINSt7__cxx1112basic_stringIcSt11char_traitsIcESaIcEEESt4pairIKS5_iESt10_Select1stIS8_ESt4lessIS5_ESaIS8_EE17_M_construct_nodeEPSt13_Rb_tree_nodeIS8_ERKS8_
_ZN9__gnu_cxx14__alloc_traitsISaISt13_Rb_tree_nodeISt4pairIKNSt7__cxx1112basic_stringIcSt11char_traitsIcESaIcEEEiEEEE8allocateERSC_m
_ZN9__gnu_cxx13new_allocatorISt4pairIKNSt7__cxx1112basic_stringIcSt11char_traitsIcESaIcEEEiEE9constructEPS9_RKS9_
_ZN9__gnu_cxx13new_allocatorISt13_Rb_tree_nodeISt4pairIKNSt7__cxx1112basic_stringIcSt11char_traitsIcESaIcEEEiEEE8allocateEmPKv
_ZNSt4pairIKNSt7__cxx1112basic_stringIcSt11char_traitsIcESaIcEEEiEC2ERKS7_
_ZNK9__gnu_cxx13new_allocatorISt13_Rb_tree_nodeISt4pairIKNSt7__cxx1112basic_stringIcSt11char_traitsIcESaIcEEEiEEE8max_sizeEv
_GLOBAL__sub_I_main
_Z41__static_initialization_and_destruction_0ii
_ZNSt3mapISt4pairINSt7__cxx1112basic_stringIcSt11char_traitsIcESaIcEEES6_EfSt4lessIS7_ESaIS0_IKS7_fEEED2Ev
_ZNSt8_Rb_treeISt4pairINSt7__cxx1112basic_stringIcSt11char_traitsIcESaIcEEES6_ES0_IKS7_fESt10_Select1stIS9_ESt4lessIS7_ESaIS9_EED2Ev
_ZNSt3mapINSt7__cxx1112basic_stringIcSt11char_traitsIcESaIcEEEiSt4lessIS5_ESaISt4pairIKS5_iEEED1Ev
_ZNSt8_Rb_treeINSt7__cxx1112basic_stringIcSt11char_traitsIcESaIcEEESt4pairIKS5_iESt10_Select1stIS8_ESt4lessIS5_ESaIS8_EED2Ev
_ZNSt3mapISt4pairINSt7__cxx1112basic_stringIcSt11char_traitsIcESaIcEEES6_EiSt4lessIS7_ESaIS0_IKS7_iEEED2Ev
_ZNSt8_Rb_treeISt4pairINSt7__cxx1112basic_stringIcSt11char_traitsIcESaIcEEES6_ES0_IKS7_iESt10_Select1stIS9_ESt4lessIS7_ESaIS9_EED2Ev
_ZNSt3mapISt4pairINSt7__cxx1112basic_stringIcSt11char_traitsIcESaIcEEES6_EfSt4lessIS7_ESaIS0_IKS7_fEEEC2Ev
_ZNSt8_Rb_treeISt4pairINSt7__cxx1112basic_stringIcSt11char_traitsIcESaIcEEES6_ES0_IKS7_fESt10_Select1stIS9_ESt4lessIS7_ESaIS9_EEC1Ev
_ZNSt8_Rb_treeISt4pairINSt7__cxx1112basic_stringIcSt11char_traitsIcESaIcEEES6_ES0_IKS7_fESt10_Select1stIS9_ESt4lessIS7_ESaIS9_EE13_Rb_tree_implISD_Lb0EEC2Ev
_ZNSaISt13_Rb_tree_nodeISt4pairIKS0_INSt7__cxx1112basic_stringIcSt11char_traitsIcESaIcEEES6_EfEEEC2Ev
_ZNSt8_Rb_treeISt4pairINSt7__cxx1112basic_stringIcSt11char_traitsIcESaIcEEES6_ES0_IKS7_fESt10_Select1stIS9_ESt4lessIS7_ESaIS9_EE13_Rb_tree_implISD_Lb0EE13_M_initializeEv
_ZN9__gnu_cxx13new_allocatorISt13_Rb_tree_nodeISt4pairIKS2_INSt7__cxx1112basic_stringIcSt11char_traitsIcESaIcEEES8_EfEEEC2Ev
_ZNSt8_Rb_treeISt4pairINSt7__cxx1112basic_stringIcSt11char_traitsIcESaIcEEES6_ES0_IKS7_fESt10_Select1stIS9_ESt4lessIS7_ESaIS9_EE13_Rb_tree_implISD_Lb0EED1Ev
_ZNSaISt13_Rb_tree_nodeISt4pairIKS0_INSt7__cxx1112basic_stringIcSt11char_traitsIcESaIcEEES6_EfEEED1Ev
_ZN9__gnu_cxx13new_allocatorISt13_Rb_tree_nodeISt4pairIKS2_INSt7__cxx1112basic_stringIcSt11char_traitsIcESaIcEEES8_EfEEED1Ev
_ZNSt3mapINSt7__cxx1112basic_stringIcSt11char_traitsIcESaIcEEEiSt4lessIS5_ESaISt4pairIKS5_iEEEC2Ev
_ZNSt8_Rb_treeINSt7__cxx1112basic_stringIcSt11char_traitsIcESaIcEEESt4pairIKS5_iESt10_Select1stIS8_ESt4lessIS5_ESaIS8_EEC2Ev
_ZNSt8_Rb_treeINSt7__cxx1112basic_stringIcSt11char_traitsIcESaIcEEESt4pairIKS5_iESt10_Select1stIS8_ESt4lessIS5_ESaIS8_EE13_Rb_tree_implISC_Lb0EEC2Ev
_ZNSaISt13_Rb_tree_nodeISt4pairIKNSt7__cxx1112basic_stringIcSt11char_traitsIcESaIcEEEiEEEC1Ev
_ZNSt8_Rb_treeINSt7__cxx1112basic_stringIcSt11char_traitsIcESaIcEEESt4pairIKS5_iESt10_Select1stIS8_ESt4lessIS5_ESaIS8_EE13_Rb_tree_implISC_Lb0EE13_M_initializeEv
_ZN9__gnu_cxx13new_allocatorISt13_Rb_tree_nodeISt4pairIKNSt7__cxx1112basic_stringIcSt11char_traitsIcESaIcEEEiEEEC1Ev
_ZNSt8_Rb_treeINSt7__cxx1112basic_stringIcSt11char_traitsIcESaIcEEESt4pairIKS5_iESt10_Select1stIS8_ESt4lessIS5_ESaIS8_EE13_Rb_tree_implISC_Lb0EED2Ev
_ZNSaISt13_Rb_tree_nodeISt4pairIKNSt7__cxx1112basic_stringIcSt11char_traitsIcESaIcEEEiEEED2Ev
_ZN9__gnu_cxx13new_allocatorISt13_Rb_tree_nodeISt4pairIKNSt7__cxx1112basic_stringIcSt11char_traitsIcESaIcEEEiEEED2Ev
_ZNSt3mapISt4pairINSt7__cxx1112basic_stringIcSt11char_traitsIcESaIcEEES6_EiSt4lessIS7_ESaIS0_IKS7_iEEEC1Ev
_ZNSt8_Rb_treeISt4pairINSt7__cxx1112basic_stringIcSt11char_traitsIcESaIcEEES6_ES0_IKS7_iESt10_Select1stIS9_ESt4lessIS7_ESaIS9_EEC2Ev
_ZNSt8_Rb_treeISt4pairINSt7__cxx1112basic_stringIcSt11char_traitsIcESaIcEEES6_ES0_IKS7_iESt10_Select1stIS9_ESt4lessIS7_ESaIS9_EE13_Rb_tree_implISD_Lb0EEC2Ev
_ZNSaISt13_Rb_tree_nodeISt4pairIKS0_INSt7__cxx1112basic_stringIcSt11char_traitsIcESaIcEEES6_EiEEEC1Ev
_ZNSt8_Rb_treeISt4pairINSt7__cxx1112basic_stringIcSt11char_traitsIcESaIcEEES6_ES0_IKS7_iESt10_Select1stIS9_ESt4lessIS7_ESaIS9_EE13_Rb_tree_implISD_Lb0EE13_M_initializeEv
_ZN9__gnu_cxx13new_allocatorISt13_Rb_tree_nodeISt4pairIKS2_INSt7__cxx1112basic_stringIcSt11char_traitsIcESaIcEEES8_EiEEEC1Ev
_ZNSt8_Rb_treeISt4pairINSt7__cxx1112basic_stringIcSt11char_traitsIcESaIcEEES6_ES0_IKS7_iESt10_Select1stIS9_ESt4lessIS7_ESaIS9_EE13_Rb_tree_implISD_Lb0EED1Ev
_ZNSaISt13_Rb_tree_nodeISt4pairIKS0_INSt7__cxx1112basic_stringIcSt11char_traitsIcESaIcEEES6_EiEEED1Ev
_ZN9__gnu_cxx13new_allocatorISt13_Rb_tree_nodeISt4pairIKS2_INSt7__cxx1112basic_stringIcSt11char_traitsIcESaIcEEES8_EiEEED2Ev
_ZNSt3mapISt4pairINSt7__cxx1112basic_stringIcSt11char_traitsIcESaIcEEES6_EiSt4lessIS7_ESaIS0_IKS7_iEEE5beginEv
_ZNSt8_Rb_treeISt4pairINSt7__cxx1112basic_stringIcSt11char_traitsIcESaIcEEES6_ES0_IKS7_iESt10_Select1stIS9_ESt4lessIS7_ESaIS9_EE5beginEv
_ZNSt8_Rb_treeISt4pairINSt7__cxx1112basic_stringIcSt11char_traitsIcESaIcEEES6_ES0_IKS7_iESt10_Select1stIS9_ESt4lessIS7_ESaIS9_EE24_M_get_insert_unique_posERS8_
_ZNKSt3mapISt4pairINSt7__cxx1112basic_stringIcSt11char_traitsIcESaIcEEES6_EfSt4lessIS7_ESaIS0_IKS7_fEEE8key_compEv
_ZNKSt8_Rb_treeISt4pairINSt7__cxx1112basic_stringIcSt11char_traitsIcESaIcEEES6_ES0_IKS7_fESt10_Select1stIS9_ESt4lessIS7_ESaIS9_EE8key_compEv
_ZNSt8_Rb_treeISt4pairINSt7__cxx1112basic_stringIcSt11char_traitsIcESaIcEEES6_ES0_IKS7_fESt10_Select1stIS9_ESt4lessIS7_ESaIS9_EE24_M_get_insert_unique_posERS8_
_ZNSt8_Rb_treeISt4pairINSt7__cxx1112basic_stringIcSt11char_traitsIcESaIcEEES6_ES0_IKS7_fESt10_Select1stIS9_ESt4lessIS7_ESaIS9_EE5beginEv
_ZNSt8_Rb_treeINSt7__cxx1112basic_stringIcSt11char_traitsIcESaIcEEESt4pairIKS5_iESt10_Select1stIS8_ESt4lessIS5_ESaIS8_EE24_M_get_insert_unique_posERS7_
_ZNSt8_Rb_treeINSt7__cxx1112basic_stringIcSt11char_traitsIcESaIcEEESt4pairIKS5_iESt10_Select1stIS8_ESt4lessIS5_ESaIS8_EE5beginEv
_ZNSt4pairINSt7__cxx1112basic_stringIcSt11char_traitsIcESaIcEEES5_ED2Ev
_ZNSt17_Rb_tree_iteratorISt4pairIKS0_INSt7__cxx1112basic_stringIcSt11char_traitsIcESaIcEEES6_EiEEC2Ev
_ZNSt8_Rb_treeINSt7__cxx1112basic_stringIcSt11char_traitsIcESaIcEEESt4pairIKS5_iESt10_Select1stIS8_ESt4lessIS5_ESaIS8_EE11_Alloc_nodeC1ERSE_
_ZN9__gnu_cxx13new_allocatorISt4pairIKNSt7__cxx1112basic_stringIcSt11char_traitsIcESaIcEEEiEE7destroyEPS9_
_ZNKSt8_Rb_treeISt4pairINSt7__cxx1112basic_stringIcSt11char_traitsIcESaIcEEES6_ES0_IKS7_iESt10_Select1stIS9_ESt4lessIS7_ESaIS9_EE4sizeEv
_ZNSt8_Rb_treeISt4pairINSt7__cxx1112basic_stringIcSt11char_traitsIcESaIcEEES6_ES0_IKS7_iESt10_Select1stIS9_ESt4lessIS7_ESaIS9_EE12_M_rightmostEv
_ZNKSt23_Rb_tree_const_iteratorISt4pairIKNSt7__cxx1112basic_stringIcSt11char_traitsIcESaIcEEEiEE13_M_const_castEv
_ZNKSt8_Rb_treeINSt7__cxx1112basic_stringIcSt11char_traitsIcESaIcEEESt4pairIKS5_iESt10_Select1stIS8_ESt4lessIS5_ESaIS8_EE4sizeEv
_ZNSt8_Rb_treeINSt7__cxx1112basic_stringIcSt11char_traitsIcESaIcEEESt4pairIKS5_iESt10_Select1stIS8_ESt4lessIS5_ESaIS8_EE12_M_rightmostEv
_ZNSt8_Rb_treeINSt7__cxx1112basic_stringIcSt11char_traitsIcESaIcEEESt4pairIKS5_iESt10_Select1stIS8_ESt4lessIS5_ESaIS8_EE11_M_leftmostEv
_ZNSt17_Rb_tree_iteratorISt4pairIKNSt7__cxx1112basic_stringIcSt11char_traitsIcESaIcEEEiEEmmEv
_init
_start
__gmon_start__
deregister_tm_clones
register_tm_clones
__do_global_dtors_aux
frame_dummy
main
_ZdlPvS_
_ZNSt8_Rb_treeISt4pairINSt7__cxx1112basic_stringIcSt11char_traitsIcESaIcEEES6_ES0_IKS7_fESt10_Select1stIS9_ESt4lessIS7_ESaIS9_EE11_M_leftmostEv
_ZNSt17_Rb_tree_iteratorISt4pairIKS0_INSt7__cxx1112basic_stringIcSt11char_traitsIcESaIcEEES6_EfEEmmEv
_ZNSt17_Rb_tree_iteratorISt4pairIKS0_INSt7__cxx1112basic_stringIcSt11char_traitsIcESaIcEEES6_EfEEppEv
_ZNSt17_Rb_tree_iteratorISt4pairIKS0_INSt7__cxx1112basic_stringIcSt11char_traitsIcESaIcEEES6_EiEEppEv
_ZNSt17_Rb_tree_iteratorISt4pairIKNSt7__cxx1112basic_stringIcSt11char_traitsIcESaIcEEEiEEppEv
__libc_csu_init
__libc_csu_fini
atexit
_fini
etext
__frame_dummy_init_array_entry
__do_global_dtors_aux_fini_array_entry
data_start
